2021-01-20 15:38:36,340 INFO Central processes started, player 1
2021-01-20 15:38:36,458 INFO Published `{'edgeLength': 10, 'obstacles': [], 'powerUps': [], 'it': 1, 'verticalAxis': [0, 1, 0], 'horizontalAxis': [1, 0, 0], 'rotationCoolDownTime': 0, 'numPlayers': 1, 'players': [{'playerId': 1, 'position': [5, 6, 3], 'it': True}], 'playersNotIt': [], 'MessageId': '3836458068'}` from `ece180d/team11/init`
2021-01-20 15:38:36,458 INFO Receiver connected: `[('ece180d/team11/piconf', 1), ('ece180d/team11/pcconf', 1), ('ece180d/team11/direc', 1), ('ece180d/team11/command', 1), ('ece180d/team11/ready', 1), ('ece180d/team11/rot', 1)]`, client id = `python-mqtt-733`, ret = `(0, 1)`
2021-01-20 15:38:36,505 INFO Subscribed, qos `(1, 1, 1, 1, 1, 1)`
2021-01-20 15:38:36,665 INFO Received `{"playerId": 0, "val": "python-mqtt-42", "MessageId": "3836617641"}` from `ece180d/team11/pcconf`
2021-01-20 15:38:37,459 INFO Published `{'edgeLength': 10, 'obstacles': [], 'powerUps': [], 'it': 1, 'verticalAxis': [0, 1, 0], 'horizontalAxis': [1, 0, 0], 'rotationCoolDownTime': 0, 'numPlayers': 1, 'players': [{'playerId': 1, 'position': [5, 6, 3], 'it': True}], 'playersNotIt': [], 'MessageId': '3837459390'}` from `ece180d/team11/init`
2021-01-20 15:38:37,461 INFO Published `{'clientId': 'python-mqtt-42', 'playerId': 1, 'MessageId': '3837460391'}` from `ece180d/team11/assign`
2021-01-20 15:38:37,645 INFO Received `{"playerId": 1, "val": true, "MessageId": "3837599017"}` from `ece180d/team11/ready`
2021-01-20 15:38:38,466 INFO Published `{'edgeLength': 10, 'obstacles': [], 'powerUps': [], 'it': 1, 'verticalAxis': [0, 1, 0], 'horizontalAxis': [1, 0, 0], 'rotationCoolDownTime': 0, 'numPlayers': 1, 'players': [{'playerId': 1, 'position': [5, 6, 3], 'it': True}], 'playersNotIt': [], 'MessageId': '3838466697'}` from `ece180d/team11/init`
2021-01-20 15:38:39,471 INFO Published `{'edgeLength': 10, 'obstacles': [], 'powerUps': [], 'it': 1, 'verticalAxis': [0, 1, 0], 'horizontalAxis': [1, 0, 0], 'rotationCoolDownTime': 0, 'numPlayers': 1, 'players': [{'playerId': 1, 'position': [5, 6, 3], 'it': True}], 'playersNotIt': [], 'MessageId': '3839471011'}` from `ece180d/team11/init`
2021-01-20 15:38:40,473 INFO Published `{'edgeLength': 10, 'obstacles': [], 'powerUps': [], 'it': 1, 'verticalAxis': [0, 1, 0], 'horizontalAxis': [1, 0, 0], 'rotationCoolDownTime': 0, 'numPlayers': 1, 'players': [{'playerId': 1, 'position': [5, 6, 3], 'it': True}], 'playersNotIt': [], 'MessageId': '3840473332'}` from `ece180d/team11/init`
2021-01-20 15:38:41,475 INFO Published `{'edgeLength': 10, 'obstacles': [], 'powerUps': [], 'it': 1, 'verticalAxis': [0, 1, 0], 'horizontalAxis': [1, 0, 0], 'rotationCoolDownTime': 0, 'numPlayers': 1, 'players': [{'playerId': 1, 'position': [5, 6, 3], 'it': True}], 'playersNotIt': [], 'MessageId': '3841475651'}` from `ece180d/team11/init`
2021-01-20 15:38:42,477 INFO Published `{'edgeLength': 10, 'obstacles': [], 'powerUps': [], 'it': 1, 'verticalAxis': [0, 1, 0], 'horizontalAxis': [1, 0, 0], 'rotationCoolDownTime': 0, 'numPlayers': 1, 'players': [{'playerId': 1, 'position': [5, 6, 3], 'it': True}], 'playersNotIt': [], 'MessageId': '3842477971'}` from `ece180d/team11/init`
2021-01-20 15:38:43,480 INFO Published `{'edgeLength': 10, 'obstacles': [], 'powerUps': [], 'it': 1, 'verticalAxis': [0, 1, 0], 'horizontalAxis': [1, 0, 0], 'rotationCoolDownTime': 0, 'numPlayers': 1, 'players': [{'playerId': 1, 'position': [5, 6, 3], 'it': True}], 'playersNotIt': [], 'MessageId': '3843480290'}` from `ece180d/team11/init`
2021-01-20 15:38:43,609 INFO Received `{"playerId": 0, "val": "python-mqtt-54", "MessageId": "3845976973"}` from `ece180d/team11/piconf`
2021-01-20 15:38:44,482 INFO Published `{'edgeLength': 10, 'obstacles': [], 'powerUps': [], 'it': 1, 'verticalAxis': [0, 1, 0], 'horizontalAxis': [1, 0, 0], 'rotationCoolDownTime': 0, 'numPlayers': 1, 'players': [{'playerId': 1, 'position': [5, 6, 3], 'it': True}], 'playersNotIt': [], 'MessageId': '3844482610'}` from `ece180d/team11/init`
2021-01-20 15:38:44,483 INFO Published `{'clientId': 'python-mqtt-54', 'playerId': 2, 'MessageId': '3844483608'}` from `ece180d/team11/assign`
2021-01-20 15:38:44,657 INFO Received `{"playerId": 2, "val": 2, "MessageId": "3847029209"}` from `ece180d/team11/ready`
2021-01-20 15:38:45,485 INFO Published `{'edgeLength': 10, 'obstacles': [], 'powerUps': [], 'it': 1, 'verticalAxis': [0, 1, 0], 'horizontalAxis': [1, 0, 0], 'rotationCoolDownTime': 0, 'numPlayers': 1, 'players': [{'playerId': 1, 'position': [5, 6, 3], 'it': True}], 'playersNotIt': [], 'MessageId': '3845485927'}` from `ece180d/team11/init`
2021-01-20 15:38:46,488 INFO Published `{'val': True, 'MessageId': '3846488247'}` from `ece180d/team11/start`
2021-01-20 15:38:47,899 INFO Received `{"playerId": 1, "val": ">", "MessageId": "3847814700"}` from `ece180d/team11/direc`
2021-01-20 15:38:47,915 INFO Published `{'playerId': 1, 'position': [3, 6, 3], 'MessageId': '3847915431'}` from `ece180d/team11/move`
2021-01-20 15:38:52,552 INFO Received `{"playerId": 1, "val": "<", "MessageId": "3852473243"}` from `ece180d/team11/direc`
2021-01-20 15:38:52,564 INFO Published `{'playerId': 1, 'position': [5, 6, 3], 'MessageId': '3852564998'}` from `ece180d/team11/move`
2021-01-20 15:38:54,611 INFO Received `{"playerId": 1, "val": ">", "MessageId": "3854543707"}` from `ece180d/team11/direc`
2021-01-20 15:38:54,624 INFO Published `{'playerId': 1, 'position': [3, 6, 3], 'MessageId': '3854624491'}` from `ece180d/team11/move`
2021-01-20 15:38:57,560 INFO Received `{"playerId": 1, "val": ">", "MessageId": "3857480853"}` from `ece180d/team11/direc`
2021-01-20 15:38:57,573 INFO Published `{'playerId': 1, 'position': [1, 6, 3], 'MessageId': '3857573605'}` from `ece180d/team11/move`
2021-01-20 15:38:58,976 INFO Received `{"playerId": 2, "val": "v", "MessageId": "3901314656"}` from `ece180d/team11/rot`
2021-01-20 15:38:58,988 INFO Published `{'horizontalAxis': [1, 0, 0], 'verticalAxis': [0, 0, 1], 'coolDown': True, 'MessageId': '3858988821'}` from `ece180d/team11/axes`
2021-01-20 15:39:08,989 INFO Published `{'coolDown': False, 'MessageId': '3908989080'}` from `ece180d/team11/cool`
2021-01-20 15:43:59,051 INFO Central processes started, player 1
2021-01-20 15:43:59,225 INFO Published `{'edgeLength': 10, 'obstacles': [], 'powerUps': [], 'it': 1, 'verticalAxis': [0, 1, 0], 'horizontalAxis': [1, 0, 0], 'rotationCoolDownTime': 0, 'numPlayers': 1, 'players': [{'playerId': 1, 'position': [6, 7, 7], 'it': True}], 'playersNotIt': [], 'MessageId': '4359224506'}` from `ece180d/team11/init`
2021-01-20 15:43:59,225 INFO Receiver connected: `[('ece180d/team11/piconf', 1), ('ece180d/team11/pcconf', 1), ('ece180d/team11/direc', 1), ('ece180d/team11/command', 1), ('ece180d/team11/ready', 1), ('ece180d/team11/rot', 1)]`, client id = `python-mqtt-468`, ret = `(0, 1)`
2021-01-20 15:43:59,275 INFO Subscribed, qos `(1, 1, 1, 1, 1, 1)`
2021-01-20 15:43:59,443 INFO Received `{"playerId": 0, "val": "python-mqtt-567", "MessageId": "4359399038"}` from `ece180d/team11/pcconf`
2021-01-20 15:44:00,226 INFO Published `{'edgeLength': 10, 'obstacles': [], 'powerUps': [], 'it': 1, 'verticalAxis': [0, 1, 0], 'horizontalAxis': [1, 0, 0], 'rotationCoolDownTime': 0, 'numPlayers': 1, 'players': [{'playerId': 1, 'position': [6, 7, 7], 'it': True}], 'playersNotIt': [], 'MessageId': '4400226824'}` from `ece180d/team11/init`
2021-01-20 15:44:00,227 INFO Published `{'clientId': 'python-mqtt-567', 'playerId': 1, 'MessageId': '4400227822'}` from `ece180d/team11/assign`
2021-01-20 15:44:00,415 INFO Received `{"playerId": 1, "val": true, "MessageId": "4400365453"}` from `ece180d/team11/ready`
2021-01-20 15:44:01,229 INFO Published `{'edgeLength': 10, 'obstacles': [], 'powerUps': [], 'it': 1, 'verticalAxis': [0, 1, 0], 'horizontalAxis': [1, 0, 0], 'rotationCoolDownTime': 0, 'numPlayers': 1, 'players': [{'playerId': 1, 'position': [6, 7, 7], 'it': True}], 'playersNotIt': [], 'MessageId': '4401229144'}` from `ece180d/team11/init`
2021-01-20 15:44:02,231 INFO Published `{'edgeLength': 10, 'obstacles': [], 'powerUps': [], 'it': 1, 'verticalAxis': [0, 1, 0], 'horizontalAxis': [1, 0, 0], 'rotationCoolDownTime': 0, 'numPlayers': 1, 'players': [{'playerId': 1, 'position': [6, 7, 7], 'it': True}], 'playersNotIt': [], 'MessageId': '4402231464'}` from `ece180d/team11/init`
2021-01-20 15:44:03,233 INFO Published `{'edgeLength': 10, 'obstacles': [], 'powerUps': [], 'it': 1, 'verticalAxis': [0, 1, 0], 'horizontalAxis': [1, 0, 0], 'rotationCoolDownTime': 0, 'numPlayers': 1, 'players': [{'playerId': 1, 'position': [6, 7, 7], 'it': True}], 'playersNotIt': [], 'MessageId': '4403233784'}` from `ece180d/team11/init`
2021-01-20 15:44:04,236 INFO Published `{'edgeLength': 10, 'obstacles': [], 'powerUps': [], 'it': 1, 'verticalAxis': [0, 1, 0], 'horizontalAxis': [1, 0, 0], 'rotationCoolDownTime': 0, 'numPlayers': 1, 'players': [{'playerId': 1, 'position': [6, 7, 7], 'it': True}], 'playersNotIt': [], 'MessageId': '4404236103'}` from `ece180d/team11/init`
2021-01-20 15:44:05,238 INFO Published `{'edgeLength': 10, 'obstacles': [], 'powerUps': [], 'it': 1, 'verticalAxis': [0, 1, 0], 'horizontalAxis': [1, 0, 0], 'rotationCoolDownTime': 0, 'numPlayers': 1, 'players': [{'playerId': 1, 'position': [6, 7, 7], 'it': True}], 'playersNotIt': [], 'MessageId': '4405238423'}` from `ece180d/team11/init`
2021-01-20 15:44:06,240 INFO Published `{'edgeLength': 10, 'obstacles': [], 'powerUps': [], 'it': 1, 'verticalAxis': [0, 1, 0], 'horizontalAxis': [1, 0, 0], 'rotationCoolDownTime': 0, 'numPlayers': 1, 'players': [{'playerId': 1, 'position': [6, 7, 7], 'it': True}], 'playersNotIt': [], 'MessageId': '4406240743'}` from `ece180d/team11/init`
2021-01-20 15:44:07,243 INFO Published `{'edgeLength': 10, 'obstacles': [], 'powerUps': [], 'it': 1, 'verticalAxis': [0, 1, 0], 'horizontalAxis': [1, 0, 0], 'rotationCoolDownTime': 0, 'numPlayers': 1, 'players': [{'playerId': 1, 'position': [6, 7, 7], 'it': True}], 'playersNotIt': [], 'MessageId': '4407243063'}` from `ece180d/team11/init`
2021-01-20 15:44:08,245 INFO Published `{'edgeLength': 10, 'obstacles': [], 'powerUps': [], 'it': 1, 'verticalAxis': [0, 1, 0], 'horizontalAxis': [1, 0, 0], 'rotationCoolDownTime': 0, 'numPlayers': 1, 'players': [{'playerId': 1, 'position': [6, 7, 7], 'it': True}], 'playersNotIt': [], 'MessageId': '4408245383'}` from `ece180d/team11/init`
2021-01-20 15:44:09,247 INFO Published `{'edgeLength': 10, 'obstacles': [], 'powerUps': [], 'it': 1, 'verticalAxis': [0, 1, 0], 'horizontalAxis': [1, 0, 0], 'rotationCoolDownTime': 0, 'numPlayers': 1, 'players': [{'playerId': 1, 'position': [6, 7, 7], 'it': True}], 'playersNotIt': [], 'MessageId': '4409247702'}` from `ece180d/team11/init`
2021-01-20 15:44:10,250 INFO Published `{'edgeLength': 10, 'obstacles': [], 'powerUps': [], 'it': 1, 'verticalAxis': [0, 1, 0], 'horizontalAxis': [1, 0, 0], 'rotationCoolDownTime': 0, 'numPlayers': 1, 'players': [{'playerId': 1, 'position': [6, 7, 7], 'it': True}], 'playersNotIt': [], 'MessageId': '4410250022'}` from `ece180d/team11/init`
2021-01-20 15:44:11,252 INFO Published `{'edgeLength': 10, 'obstacles': [], 'powerUps': [], 'it': 1, 'verticalAxis': [0, 1, 0], 'horizontalAxis': [1, 0, 0], 'rotationCoolDownTime': 0, 'numPlayers': 1, 'players': [{'playerId': 1, 'position': [6, 7, 7], 'it': True}], 'playersNotIt': [], 'MessageId': '4411252342'}` from `ece180d/team11/init`
2021-01-20 15:44:12,254 INFO Published `{'edgeLength': 10, 'obstacles': [], 'powerUps': [], 'it': 1, 'verticalAxis': [0, 1, 0], 'horizontalAxis': [1, 0, 0], 'rotationCoolDownTime': 0, 'numPlayers': 1, 'players': [{'playerId': 1, 'position': [6, 7, 7], 'it': True}], 'playersNotIt': [], 'MessageId': '4412254662'}` from `ece180d/team11/init`
2021-01-20 15:44:13,256 INFO Published `{'edgeLength': 10, 'obstacles': [], 'powerUps': [], 'it': 1, 'verticalAxis': [0, 1, 0], 'horizontalAxis': [1, 0, 0], 'rotationCoolDownTime': 0, 'numPlayers': 1, 'players': [{'playerId': 1, 'position': [6, 7, 7], 'it': True}], 'playersNotIt': [], 'MessageId': '4413256981'}` from `ece180d/team11/init`
2021-01-20 15:44:14,259 INFO Published `{'edgeLength': 10, 'obstacles': [], 'powerUps': [], 'it': 1, 'verticalAxis': [0, 1, 0], 'horizontalAxis': [1, 0, 0], 'rotationCoolDownTime': 0, 'numPlayers': 1, 'players': [{'playerId': 1, 'position': [6, 7, 7], 'it': True}], 'playersNotIt': [], 'MessageId': '4414259301'}` from `ece180d/team11/init`
2021-01-20 15:44:15,261 INFO Published `{'edgeLength': 10, 'obstacles': [], 'powerUps': [], 'it': 1, 'verticalAxis': [0, 1, 0], 'horizontalAxis': [1, 0, 0], 'rotationCoolDownTime': 0, 'numPlayers': 1, 'players': [{'playerId': 1, 'position': [6, 7, 7], 'it': True}], 'playersNotIt': [], 'MessageId': '4415261621'}` from `ece180d/team11/init`
2021-01-20 15:44:16,263 INFO Published `{'edgeLength': 10, 'obstacles': [], 'powerUps': [], 'it': 1, 'verticalAxis': [0, 1, 0], 'horizontalAxis': [1, 0, 0], 'rotationCoolDownTime': 0, 'numPlayers': 1, 'players': [{'playerId': 1, 'position': [6, 7, 7], 'it': True}], 'playersNotIt': [], 'MessageId': '4416263941'}` from `ece180d/team11/init`
2021-01-20 15:44:17,265 INFO Published `{'edgeLength': 10, 'obstacles': [], 'powerUps': [], 'it': 1, 'verticalAxis': [0, 1, 0], 'horizontalAxis': [1, 0, 0], 'rotationCoolDownTime': 0, 'numPlayers': 1, 'players': [{'playerId': 1, 'position': [6, 7, 7], 'it': True}], 'playersNotIt': [], 'MessageId': '4417265263'}` from `ece180d/team11/init`
2021-01-20 15:44:17,402 INFO Received `{"playerId": 0, "val": "python-mqtt-775", "MessageId": "4419768243"}` from `ece180d/team11/piconf`
2021-01-20 15:44:18,268 INFO Published `{'edgeLength': 10, 'obstacles': [], 'powerUps': [], 'it': 1, 'verticalAxis': [0, 1, 0], 'horizontalAxis': [1, 0, 0], 'rotationCoolDownTime': 0, 'numPlayers': 1, 'players': [{'playerId': 1, 'position': [6, 7, 7], 'it': True}], 'playersNotIt': [], 'MessageId': '4418268580'}` from `ece180d/team11/init`
2021-01-20 15:44:18,269 INFO Published `{'clientId': 'python-mqtt-775', 'playerId': 2, 'MessageId': '4418269578'}` from `ece180d/team11/assign`
2021-01-20 15:44:47,102 INFO Central processes started, player 1
2021-01-20 15:44:47,216 INFO Published `{'edgeLength': 10, 'obstacles': [], 'powerUps': [], 'it': 1, 'verticalAxis': [0, 1, 0], 'horizontalAxis': [1, 0, 0], 'rotationCoolDownTime': 0, 'numPlayers': 1, 'players': [{'playerId': 1, 'position': [1, 9, 9], 'it': True}], 'playersNotIt': [], 'MessageId': '4447216175'}` from `ece180d/team11/init`
2021-01-20 15:44:47,216 INFO Receiver connected: `[('ece180d/team11/piconf', 1), ('ece180d/team11/pcconf', 1), ('ece180d/team11/direc', 1), ('ece180d/team11/command', 1), ('ece180d/team11/ready', 1), ('ece180d/team11/rot', 1)]`, client id = `python-mqtt-577`, ret = `(0, 1)`
2021-01-20 15:44:47,263 INFO Subscribed, qos `(1, 1, 1, 1, 1, 1)`
2021-01-20 15:44:47,406 INFO Received `{"playerId": 0, "val": "python-mqtt-726", "MessageId": "4447356798"}` from `ece180d/team11/pcconf`
2021-01-20 15:44:48,217 INFO Published `{'edgeLength': 10, 'obstacles': [], 'powerUps': [], 'it': 1, 'verticalAxis': [0, 1, 0], 'horizontalAxis': [1, 0, 0], 'rotationCoolDownTime': 0, 'numPlayers': 1, 'players': [{'playerId': 1, 'position': [1, 9, 9], 'it': True}], 'playersNotIt': [], 'MessageId': '4448217497'}` from `ece180d/team11/init`
2021-01-20 15:44:48,218 INFO Published `{'clientId': 'python-mqtt-726', 'playerId': 1, 'MessageId': '4448217497'}` from `ece180d/team11/assign`
2021-01-20 15:44:49,219 INFO Published `{'edgeLength': 10, 'obstacles': [], 'powerUps': [], 'it': 1, 'verticalAxis': [0, 1, 0], 'horizontalAxis': [1, 0, 0], 'rotationCoolDownTime': 0, 'numPlayers': 1, 'players': [{'playerId': 1, 'position': [1, 9, 9], 'it': True}], 'playersNotIt': [], 'MessageId': '4449219817'}` from `ece180d/team11/init`
2021-01-20 15:44:50,222 INFO Published `{'edgeLength': 10, 'obstacles': [], 'powerUps': [], 'it': 1, 'verticalAxis': [0, 1, 0], 'horizontalAxis': [1, 0, 0], 'rotationCoolDownTime': 0, 'numPlayers': 1, 'players': [{'playerId': 1, 'position': [1, 9, 9], 'it': True}], 'playersNotIt': [], 'MessageId': '4450222138'}` from `ece180d/team11/init`
2021-01-20 15:44:51,228 INFO Published `{'edgeLength': 10, 'obstacles': [], 'powerUps': [], 'it': 1, 'verticalAxis': [0, 1, 0], 'horizontalAxis': [1, 0, 0], 'rotationCoolDownTime': 0, 'numPlayers': 1, 'players': [{'playerId': 1, 'position': [1, 9, 9], 'it': True}], 'playersNotIt': [], 'MessageId': '4451228448'}` from `ece180d/team11/init`
2021-01-20 15:44:52,233 INFO Published `{'edgeLength': 10, 'obstacles': [], 'powerUps': [], 'it': 1, 'verticalAxis': [0, 1, 0], 'horizontalAxis': [1, 0, 0], 'rotationCoolDownTime': 0, 'numPlayers': 1, 'players': [{'playerId': 1, 'position': [1, 9, 9], 'it': True}], 'playersNotIt': [], 'MessageId': '4452233759'}` from `ece180d/team11/init`
2021-01-20 15:44:52,359 INFO Received `{"playerId": 0, "val": "python-mqtt-550", "MessageId": "4454734432"}` from `ece180d/team11/piconf`
2021-01-20 15:44:53,243 INFO Published `{'edgeLength': 10, 'obstacles': [], 'powerUps': [], 'it': 1, 'verticalAxis': [0, 1, 0], 'horizontalAxis': [1, 0, 0], 'rotationCoolDownTime': 0, 'numPlayers': 1, 'players': [{'playerId': 1, 'position': [1, 9, 9], 'it': True}], 'playersNotIt': [], 'MessageId': '4453243060'}` from `ece180d/team11/init`
2021-01-20 15:44:53,247 INFO Published `{'clientId': 'python-mqtt-550', 'playerId': 2, 'MessageId': '4453246052'}` from `ece180d/team11/assign`
2021-01-20 15:44:53,411 INFO Received `{"playerId": 2, "val": 2, "MessageId": "4455788231"}` from `ece180d/team11/ready`
2021-01-20 15:44:54,252 INFO Published `{'edgeLength': 10, 'obstacles': [], 'powerUps': [], 'it': 1, 'verticalAxis': [0, 1, 0], 'horizontalAxis': [1, 0, 0], 'rotationCoolDownTime': 0, 'numPlayers': 1, 'players': [{'playerId': 1, 'position': [1, 9, 9], 'it': True}], 'playersNotIt': [], 'MessageId': '4454252361'}` from `ece180d/team11/init`
2021-01-20 15:44:55,260 INFO Published `{'edgeLength': 10, 'obstacles': [], 'powerUps': [], 'it': 1, 'verticalAxis': [0, 1, 0], 'horizontalAxis': [1, 0, 0], 'rotationCoolDownTime': 0, 'numPlayers': 1, 'players': [{'playerId': 1, 'position': [1, 9, 9], 'it': True}], 'playersNotIt': [], 'MessageId': '4455260665'}` from `ece180d/team11/init`
2021-01-20 15:44:56,262 INFO Published `{'edgeLength': 10, 'obstacles': [], 'powerUps': [], 'it': 1, 'verticalAxis': [0, 1, 0], 'horizontalAxis': [1, 0, 0], 'rotationCoolDownTime': 0, 'numPlayers': 1, 'players': [{'playerId': 1, 'position': [1, 9, 9], 'it': True}], 'playersNotIt': [], 'MessageId': '4456262983'}` from `ece180d/team11/init`
2021-01-20 15:44:57,003 INFO Received `{"playerId": 1, "val": true, "MessageId": "4456956131"}` from `ece180d/team11/ready`
2021-01-20 15:44:57,265 INFO Published `{'edgeLength': 10, 'obstacles': [], 'powerUps': [], 'it': 1, 'verticalAxis': [0, 1, 0], 'horizontalAxis': [1, 0, 0], 'rotationCoolDownTime': 0, 'numPlayers': 1, 'players': [{'playerId': 1, 'position': [1, 9, 9], 'it': True}], 'playersNotIt': [], 'MessageId': '4457265303'}` from `ece180d/team11/init`
2021-01-20 15:44:58,268 INFO Published `{'val': True, 'MessageId': '4458268620'}` from `ece180d/team11/start`
