2021-01-20 15:38:36,338 INFO PC processes started (central node), player 1
2021-01-20 15:38:36,482 INFO Receiver connected: `[('ece180d/team11/init', 1), ('ece180d/team11/assign', 1), ('ece180d/team11/move', 1), ('ece180d/team11/tag', 1), ('ece180d/team11/start', 1), ('ece180d/team11/axes', 1), ('ece180d/team11/cool', 1)]`, client id = `python-mqtt-42`, ret = `(0, 1)`
2021-01-20 15:38:36,565 INFO Subscribed, qos `(1, 1, 1, 1, 1, 1, 1)`
2021-01-20 15:38:36,601 INFO Received `{"edgeLength": 10, "obstacles": [], "powerUps": [], "it": 1, "verticalAxis": [0, 1, 0], "horizontalAxis": [1, 0, 0], "rotationCoolDownTime": 0, "numPlayers": 1, "players": [{"playerId": 1, "position": [5, 6, 3], "it": true}], "playersNotIt": [], "MessageId": "3836458068"}` from `ece180d/team11/init`
2021-01-20 15:38:36,617 INFO Published `{'playerId': 0, 'val': 'python-mqtt-42', 'MessageId': '3836617641'}` from `ece180d/team11/pcconf`
2021-01-20 15:38:37,545 INFO Received `{"edgeLength": 10, "obstacles": [], "powerUps": [], "it": 1, "verticalAxis": [0, 1, 0], "horizontalAxis": [1, 0, 0], "rotationCoolDownTime": 0, "numPlayers": 1, "players": [{"playerId": 1, "position": [5, 6, 3], "it": true}], "playersNotIt": [], "MessageId": "3837459390"}` from `ece180d/team11/init`
2021-01-20 15:38:37,587 INFO Received `{"clientId": "python-mqtt-42", "playerId": 1, "MessageId": "3837460391"}` from `ece180d/team11/assign`
2021-01-20 15:38:37,599 INFO Published `{'playerId': 1, 'val': True, 'MessageId': '3837599017'}` from `ece180d/team11/ready`
2021-01-20 15:38:38,579 INFO Received `{"edgeLength": 10, "obstacles": [], "powerUps": [], "it": 1, "verticalAxis": [0, 1, 0], "horizontalAxis": [1, 0, 0], "rotationCoolDownTime": 0, "numPlayers": 1, "players": [{"playerId": 1, "position": [5, 6, 3], "it": true}], "playersNotIt": [], "MessageId": "3838466697"}` from `ece180d/team11/init`
2021-01-20 15:38:39,581 INFO Received `{"edgeLength": 10, "obstacles": [], "powerUps": [], "it": 1, "verticalAxis": [0, 1, 0], "horizontalAxis": [1, 0, 0], "rotationCoolDownTime": 0, "numPlayers": 1, "players": [{"playerId": 1, "position": [5, 6, 3], "it": true}], "playersNotIt": [], "MessageId": "3839471011"}` from `ece180d/team11/init`
2021-01-20 15:38:40,570 INFO Received `{"edgeLength": 10, "obstacles": [], "powerUps": [], "it": 1, "verticalAxis": [0, 1, 0], "horizontalAxis": [1, 0, 0], "rotationCoolDownTime": 0, "numPlayers": 1, "players": [{"playerId": 1, "position": [5, 6, 3], "it": true}], "playersNotIt": [], "MessageId": "3840473332"}` from `ece180d/team11/init`
2021-01-20 15:38:41,601 INFO Received `{"edgeLength": 10, "obstacles": [], "powerUps": [], "it": 1, "verticalAxis": [0, 1, 0], "horizontalAxis": [1, 0, 0], "rotationCoolDownTime": 0, "numPlayers": 1, "players": [{"playerId": 1, "position": [5, 6, 3], "it": true}], "playersNotIt": [], "MessageId": "3841475651"}` from `ece180d/team11/init`
2021-01-20 15:38:42,578 INFO Received `{"edgeLength": 10, "obstacles": [], "powerUps": [], "it": 1, "verticalAxis": [0, 1, 0], "horizontalAxis": [1, 0, 0], "rotationCoolDownTime": 0, "numPlayers": 1, "players": [{"playerId": 1, "position": [5, 6, 3], "it": true}], "playersNotIt": [], "MessageId": "3842477971"}` from `ece180d/team11/init`
2021-01-20 15:38:43,597 INFO Received `{"edgeLength": 10, "obstacles": [], "powerUps": [], "it": 1, "verticalAxis": [0, 1, 0], "horizontalAxis": [1, 0, 0], "rotationCoolDownTime": 0, "numPlayers": 1, "players": [{"playerId": 1, "position": [5, 6, 3], "it": true}], "playersNotIt": [], "MessageId": "3843480290"}` from `ece180d/team11/init`
2021-01-20 15:38:44,609 INFO Received `{"edgeLength": 10, "obstacles": [], "powerUps": [], "it": 1, "verticalAxis": [0, 1, 0], "horizontalAxis": [1, 0, 0], "rotationCoolDownTime": 0, "numPlayers": 1, "players": [{"playerId": 1, "position": [5, 6, 3], "it": true}], "playersNotIt": [], "MessageId": "3844482610"}` from `ece180d/team11/init`
2021-01-20 15:38:44,653 INFO Received `{"clientId": "python-mqtt-54", "playerId": 2, "MessageId": "3844483608"}` from `ece180d/team11/assign`
2021-01-20 15:38:45,657 INFO Received `{"edgeLength": 10, "obstacles": [], "powerUps": [], "it": 1, "verticalAxis": [0, 1, 0], "horizontalAxis": [1, 0, 0], "rotationCoolDownTime": 0, "numPlayers": 1, "players": [{"playerId": 1, "position": [5, 6, 3], "it": true}], "playersNotIt": [], "MessageId": "3845485927"}` from `ece180d/team11/init`
2021-01-20 15:38:46,569 INFO Received `{"val": true, "MessageId": "3846488247"}` from `ece180d/team11/start`
2021-01-20 15:38:47,826 INFO Published `{'playerId': 1, 'val': '>', 'MessageId': '3847814700'}` from `ece180d/team11/direc`
2021-01-20 15:38:48,009 INFO Received `{"playerId": 1, "position": [3, 6, 3], "MessageId": "3847915431"}` from `ece180d/team11/move`
2021-01-20 15:38:52,485 INFO Published `{'playerId': 1, 'val': '<', 'MessageId': '3852473243'}` from `ece180d/team11/direc`
2021-01-20 15:38:52,644 INFO Received `{"playerId": 1, "position": [5, 6, 3], "MessageId": "3852564998"}` from `ece180d/team11/move`
2021-01-20 15:38:54,555 INFO Published `{'playerId': 1, 'val': '>', 'MessageId': '3854543707'}` from `ece180d/team11/direc`
2021-01-20 15:38:54,709 INFO Received `{"playerId": 1, "position": [3, 6, 3], "MessageId": "3854624491"}` from `ece180d/team11/move`
2021-01-20 15:38:57,492 INFO Published `{'playerId': 1, 'val': '>', 'MessageId': '3857480853'}` from `ece180d/team11/direc`
2021-01-20 15:38:57,634 INFO Received `{"playerId": 1, "position": [1, 6, 3], "MessageId": "3857573605"}` from `ece180d/team11/move`
2021-01-20 15:38:59,054 INFO Received `{"horizontalAxis": [1, 0, 0], "verticalAxis": [0, 0, 1], "coolDown": true, "MessageId": "3858988821"}` from `ece180d/team11/axes`
2021-01-20 15:39:09,062 INFO Received `{"coolDown": false, "MessageId": "3908989080"}` from `ece180d/team11/cool`
